<?xml version="1.0" encoding="UTF-8"?>
<!-- Generated by org.testng.reporters.JUnitXMLReporter -->
<testsuite hostname="VASANTKN1" ignored="0" name="Default test" tests="2" failures="0" timestamp="06 Feb 2018 08:33:01 GMT" time="0.501" errors="0">
  <testcase name="doLogin" time="0.018" classname="com.selenium.facebook.pom.PageObjectModel_WithPageFactory.testcases.LoginTest">
    <skipped/>
  </testcase> <!-- doLogin -->
  <testcase name="doLogin" time="0.003" classname="com.selenium.facebook.pom.PageObjectModel_WithPageFactory.testcases.LoginTest">
    <skipped/>
  </testcase> <!-- doLogin -->
</testsuite> <!-- Default test -->
