<?xml version="1.0" encoding="UTF-8"?>
<!-- Generated by org.testng.reporters.JUnitXMLReporter -->
<testsuite hostname="VASANTKN1" ignored="0" name="Change Password Test" tests="1" failures="0" timestamp="11 Feb 2018 01:16:22 GMT" time="0.928" errors="0">
  <testcase name="changePasswordTest" time="0.06" classname="com.selenium.facebook.pom.PageObjectModel_WithPageFactory.testcases.ChangePasswordTest">
    <skipped/>
  </testcase> <!-- changePasswordTest -->
</testsuite> <!-- Change Password Test -->
