<?xml version="1.0" encoding="UTF-8"?>
<!-- Generated by org.testng.reporters.JUnitXMLReporter -->
<testsuite hostname="VASANTKN1" ignored="0" name="Friends Test" tests="1" failures="1" timestamp="11 Feb 2018 01:17:39 GMT" time="77.854" errors="0">
  <testcase name="doFriendsTest" time="70.389" classname="com.selenium.facebook.pom.PageObjectModel_WithPageFactory.testcases.FriendsTest">
    <failure type="java.lang.AssertionError" message="Could not login">
      <![CDATA[java.lang.AssertionError: Could not login
	at com.selenium.facebook.pom.PageObjectModel_WithPageFactory.testcases.base.BaseTest.reportFailure(BaseTest.java:52)
	at com.selenium.facebook.pom.PageObjectModel_WithPageFactory.testcases.FriendsTest.doFriendsTest(FriendsTest.java:43)
	at java.util.concurrent.FutureTask.run(FutureTask.java:266)
	at java.util.concurrent.ThreadPoolExecutor.runWorker(ThreadPoolExecutor.java:1142)
	at java.util.concurrent.ThreadPoolExecutor$Worker.run(ThreadPoolExecutor.java:617)
	at java.lang.Thread.run(Thread.java:745)
... Removed 17 stack frames]]>
    </failure>
  </testcase> <!-- doFriendsTest -->
</testsuite> <!-- Friends Test -->
